<?xml version="1.0" encoding="UTF-8"?>
<!-- Generated by org.testng.reporters.JUnitReportReporter -->
<testsuite hostname="DESKTOP-JLB84OI" name="testBaidu.testBaidu" tests="1" failures="0" timestamp="14 Mar 2019 06:31:33 GMT" time="6.544" errors="0">
  <testcase name="open" time="6.544" classname="testBaidu.testBaidu"/>
</testsuite> <!-- testBaidu.testBaidu -->
